This file contains any messages produced by compilers while
running configure, to aid debugging if configure makes a mistake.

It was created by vyatta-config-sync configure 2.4, which was
generated by GNU Autoconf 2.69.  Invocation command line was

  $ ./configure --host=x86_64-linux-gnu --build=x86_64-linux-gnu --prefix=/opt/vyatta --mandir=${prefix}/share/man --infodir=${prefix}/share/info CFLAGS=-Wall -g -O2 LDFLAGS=-Wl,-z,defs

## --------- ##
## Platform. ##
## --------- ##

hostname = vagrant-ubuntu-trusty-64
uname -m = x86_64
uname -r = 3.13.0-62-generic
uname -s = Linux
uname -v = #102-Ubuntu SMP Tue Aug 11 14:29:36 UTC 2015

/usr/bin/uname -p = unknown
/bin/uname -X     = unknown

/bin/arch              = unknown
/usr/bin/arch -k       = unknown
/usr/convex/getsysinfo = unknown
/usr/bin/hostinfo      = unknown
/bin/machine           = unknown
/usr/bin/oslevel       = unknown
/bin/universe          = unknown

PATH: /usr/local/sbin
PATH: /usr/local/bin
PATH: /usr/sbin
PATH: /usr/bin
PATH: /sbin
PATH: /bin
PATH: /usr/games
PATH: /usr/local/games


## ----------- ##
## Core tests. ##
## ----------- ##

configure:1897: checking for a BSD-compatible install
configure:1965: result: /usr/bin/install -c
configure:1976: checking whether build environment is sane
configure:2031: result: yes
configure:2182: checking for a thread-safe mkdir -p
configure:2221: result: /bin/mkdir -p
configure:2228: checking for gawk
configure:2244: found /usr/bin/gawk
configure:2255: result: gawk
configure:2266: checking whether make sets $(MAKE)
configure:2288: result: yes
configure:2317: checking whether make supports nested variables
configure:2334: result: yes
configure:2482: checking for x86_64-linux-gnu-gcc
configure:2498: found /usr/bin/x86_64-linux-gnu-gcc
configure:2509: result: x86_64-linux-gnu-gcc
configure:2778: checking for C compiler version
configure:2787: x86_64-linux-gnu-gcc --version >&5
x86_64-linux-gnu-gcc (Ubuntu 4.8.4-2ubuntu1~14.04) 4.8.4
Copyright (C) 2013 Free Software Foundation, Inc.
This is free software; see the source for copying conditions.  There is NO
warranty; not even for MERCHANTABILITY or FITNESS FOR A PARTICULAR PURPOSE.

configure:2798: $? = 0
configure:2787: x86_64-linux-gnu-gcc -v >&5
Using built-in specs.
COLLECT_GCC=x86_64-linux-gnu-gcc
COLLECT_LTO_WRAPPER=/usr/lib/gcc/x86_64-linux-gnu/4.8/lto-wrapper
Target: x86_64-linux-gnu
Configured with: ../src/configure -v --with-pkgversion='Ubuntu 4.8.4-2ubuntu1~14.04' --with-bugurl=file:///usr/share/doc/gcc-4.8/README.Bugs --enable-languages=c,c++,java,go,d,fortran,objc,obj-c++ --prefix=/usr --program-suffix=-4.8 --enable-shared --enable-linker-build-id --libexecdir=/usr/lib --without-included-gettext --enable-threads=posix --with-gxx-include-dir=/usr/include/c++/4.8 --libdir=/usr/lib --enable-nls --with-sysroot=/ --enable-clocale=gnu --enable-libstdcxx-debug --enable-libstdcxx-time=yes --enable-gnu-unique-object --disable-libmudflap --enable-plugin --with-system-zlib --disable-browser-plugin --enable-java-awt=gtk --enable-gtk-cairo --with-java-home=/usr/lib/jvm/java-1.5.0-gcj-4.8-amd64/jre --enable-java-home --with-jvm-root-dir=/usr/lib/jvm/java-1.5.0-gcj-4.8-amd64 --with-jvm-jar-dir=/usr/lib/jvm-exports/java-1.5.0-gcj-4.8-amd64 --with-arch-directory=amd64 --with-ecj-jar=/usr/share/java/eclipse-ecj.jar --enable-objc-gc --enable-multiarch --disable-werror --with-arch-32=i686 --with-abi=m64 --with-multilib-list=m32,m64,mx32 --with-tune=generic --enable-checking=release --build=x86_64-linux-gnu --host=x86_64-linux-gnu --target=x86_64-linux-gnu
Thread model: posix
gcc version 4.8.4 (Ubuntu 4.8.4-2ubuntu1~14.04) 
configure:2798: $? = 0
configure:2787: x86_64-linux-gnu-gcc -V >&5
x86_64-linux-gnu-gcc: error: unrecognized command line option '-V'
x86_64-linux-gnu-gcc: fatal error: no input files
compilation terminated.
configure:2798: $? = 4
configure:2787: x86_64-linux-gnu-gcc -qversion >&5
x86_64-linux-gnu-gcc: error: unrecognized command line option '-qversion'
x86_64-linux-gnu-gcc: fatal error: no input files
compilation terminated.
configure:2798: $? = 4
configure:2818: checking whether the C compiler works
configure:2840: x86_64-linux-gnu-gcc -Wall -g -O2  -Wl,-z,defs conftest.c  >&5
configure:2844: $? = 0
configure:2892: result: yes
configure:2895: checking for C compiler default output file name
configure:2897: result: a.out
configure:2903: checking for suffix of executables
configure:2910: x86_64-linux-gnu-gcc -o conftest -Wall -g -O2  -Wl,-z,defs conftest.c  >&5
configure:2914: $? = 0
configure:2936: result: 
configure:2958: checking whether we are cross compiling
configure:2966: x86_64-linux-gnu-gcc -o conftest -Wall -g -O2  -Wl,-z,defs conftest.c  >&5
configure:2970: $? = 0
configure:2977: ./conftest
configure:2981: $? = 0
configure:2996: result: no
configure:3001: checking for suffix of object files
configure:3023: x86_64-linux-gnu-gcc -c -Wall -g -O2  conftest.c >&5
configure:3027: $? = 0
configure:3048: result: o
configure:3052: checking whether we are using the GNU C compiler
configure:3071: x86_64-linux-gnu-gcc -c -Wall -g -O2  conftest.c >&5
configure:3071: $? = 0
configure:3080: result: yes
configure:3089: checking whether x86_64-linux-gnu-gcc accepts -g
configure:3109: x86_64-linux-gnu-gcc -c -g  conftest.c >&5
configure:3109: $? = 0
configure:3150: result: yes
configure:3167: checking for x86_64-linux-gnu-gcc option to accept ISO C89
configure:3230: x86_64-linux-gnu-gcc  -c -Wall -g -O2  conftest.c >&5
configure:3230: $? = 0
configure:3243: result: none needed
configure:3268: checking whether x86_64-linux-gnu-gcc understands -c and -o together
configure:3290: x86_64-linux-gnu-gcc -c conftest.c -o conftest2.o
configure:3293: $? = 0
configure:3290: x86_64-linux-gnu-gcc -c conftest.c -o conftest2.o
configure:3293: $? = 0
configure:3305: result: yes
configure:3333: checking for style of include used by make
configure:3361: result: GNU
configure:3387: checking dependency style of x86_64-linux-gnu-gcc
configure:3498: result: none
configure:3527: checking for x86_64-linux-gnu-g++
configure:3543: found /usr/bin/x86_64-linux-gnu-g++
configure:3554: result: x86_64-linux-gnu-g++
configure:3625: checking for C++ compiler version
configure:3634: x86_64-linux-gnu-g++ --version >&5
x86_64-linux-gnu-g++ (Ubuntu 4.8.4-2ubuntu1~14.04) 4.8.4
Copyright (C) 2013 Free Software Foundation, Inc.
This is free software; see the source for copying conditions.  There is NO
warranty; not even for MERCHANTABILITY or FITNESS FOR A PARTICULAR PURPOSE.

configure:3645: $? = 0
configure:3634: x86_64-linux-gnu-g++ -v >&5
Using built-in specs.
COLLECT_GCC=x86_64-linux-gnu-g++
COLLECT_LTO_WRAPPER=/usr/lib/gcc/x86_64-linux-gnu/4.8/lto-wrapper
Target: x86_64-linux-gnu
Configured with: ../src/configure -v --with-pkgversion='Ubuntu 4.8.4-2ubuntu1~14.04' --with-bugurl=file:///usr/share/doc/gcc-4.8/README.Bugs --enable-languages=c,c++,java,go,d,fortran,objc,obj-c++ --prefix=/usr --program-suffix=-4.8 --enable-shared --enable-linker-build-id --libexecdir=/usr/lib --without-included-gettext --enable-threads=posix --with-gxx-include-dir=/usr/include/c++/4.8 --libdir=/usr/lib --enable-nls --with-sysroot=/ --enable-clocale=gnu --enable-libstdcxx-debug --enable-libstdcxx-time=yes --enable-gnu-unique-object --disable-libmudflap --enable-plugin --with-system-zlib --disable-browser-plugin --enable-java-awt=gtk --enable-gtk-cairo --with-java-home=/usr/lib/jvm/java-1.5.0-gcj-4.8-amd64/jre --enable-java-home --with-jvm-root-dir=/usr/lib/jvm/java-1.5.0-gcj-4.8-amd64 --with-jvm-jar-dir=/usr/lib/jvm-exports/java-1.5.0-gcj-4.8-amd64 --with-arch-directory=amd64 --with-ecj-jar=/usr/share/java/eclipse-ecj.jar --enable-objc-gc --enable-multiarch --disable-werror --with-arch-32=i686 --with-abi=m64 --with-multilib-list=m32,m64,mx32 --with-tune=generic --enable-checking=release --build=x86_64-linux-gnu --host=x86_64-linux-gnu --target=x86_64-linux-gnu
Thread model: posix
gcc version 4.8.4 (Ubuntu 4.8.4-2ubuntu1~14.04) 
configure:3645: $? = 0
configure:3634: x86_64-linux-gnu-g++ -V >&5
x86_64-linux-gnu-g++: error: unrecognized command line option '-V'
x86_64-linux-gnu-g++: fatal error: no input files
compilation terminated.
configure:3645: $? = 4
configure:3634: x86_64-linux-gnu-g++ -qversion >&5
x86_64-linux-gnu-g++: error: unrecognized command line option '-qversion'
x86_64-linux-gnu-g++: fatal error: no input files
compilation terminated.
configure:3645: $? = 4
configure:3649: checking whether we are using the GNU C++ compiler
configure:3668: x86_64-linux-gnu-g++ -c   conftest.cpp >&5
configure:3668: $? = 0
configure:3677: result: yes
configure:3686: checking whether x86_64-linux-gnu-g++ accepts -g
configure:3706: x86_64-linux-gnu-g++ -c -g  conftest.cpp >&5
configure:3706: $? = 0
configure:3747: result: yes
configure:3772: checking dependency style of x86_64-linux-gnu-g++
configure:3883: result: none
configure:3907: checking dependency style of x86_64-linux-gnu-gcc
configure:4016: result: none
configure:4177: checking that generated files are newer than configure
configure:4183: result: done
configure:4214: creating ./config.status

## ---------------------- ##
## Running config.status. ##
## ---------------------- ##

This file was extended by vyatta-config-sync config.status 2.4, which was
generated by GNU Autoconf 2.69.  Invocation command line was

  CONFIG_FILES    = 
  CONFIG_HEADERS  = 
  CONFIG_LINKS    = 
  CONFIG_COMMANDS = 
  $ ./config.status 

on vagrant-ubuntu-trusty-64

config.status:784: creating Makefile
config.status:956: executing depfiles commands

## ---------------- ##
## Cache variables. ##
## ---------------- ##

ac_cv_c_compiler_gnu=yes
ac_cv_cxx_compiler_gnu=yes
ac_cv_env_CCASFLAGS_set=
ac_cv_env_CCASFLAGS_value=
ac_cv_env_CCAS_set=
ac_cv_env_CCAS_value=
ac_cv_env_CCC_set=
ac_cv_env_CCC_value=
ac_cv_env_CC_set=
ac_cv_env_CC_value=
ac_cv_env_CFLAGS_set=set
ac_cv_env_CFLAGS_value='-Wall -g -O2'
ac_cv_env_CPPFLAGS_set=
ac_cv_env_CPPFLAGS_value=
ac_cv_env_CXXFLAGS_set=
ac_cv_env_CXXFLAGS_value=
ac_cv_env_CXX_set=
ac_cv_env_CXX_value=
ac_cv_env_LDFLAGS_set=set
ac_cv_env_LDFLAGS_value=-Wl,-z,defs
ac_cv_env_LIBS_set=
ac_cv_env_LIBS_value=
ac_cv_env_build_alias_set=set
ac_cv_env_build_alias_value=x86_64-linux-gnu
ac_cv_env_host_alias_set=set
ac_cv_env_host_alias_value=x86_64-linux-gnu
ac_cv_env_target_alias_set=
ac_cv_env_target_alias_value=
ac_cv_objext=o
ac_cv_path_install='/usr/bin/install -c'
ac_cv_path_mkdir=/bin/mkdir
ac_cv_prog_AWK=gawk
ac_cv_prog_CC=x86_64-linux-gnu-gcc
ac_cv_prog_CXX=x86_64-linux-gnu-g++
ac_cv_prog_cc_c89=
ac_cv_prog_cc_g=yes
ac_cv_prog_cxx_g=yes
ac_cv_prog_make_make_set=yes
am_cv_CCAS_dependencies_compiler_type=none
am_cv_CC_dependencies_compiler_type=none
am_cv_CXX_dependencies_compiler_type=none
am_cv_make_support_nested_variables=yes
am_cv_prog_cc_c_o=yes

## ----------------- ##
## Output variables. ##
## ----------------- ##

ACLOCAL='${SHELL} /vagrant/vyatta-config-sync/config/missing aclocal-1.14'
AMDEPBACKSLASH='\'
AMDEP_FALSE='#'
AMDEP_TRUE=''
AMTAR='$${TAR-tar}'
AM_BACKSLASH='\'
AM_DEFAULT_V='$(AM_DEFAULT_VERBOSITY)'
AM_DEFAULT_VERBOSITY='1'
AM_V='$(V)'
AUTOCONF='${SHELL} /vagrant/vyatta-config-sync/config/missing autoconf'
AUTOHEADER='${SHELL} /vagrant/vyatta-config-sync/config/missing autoheader'
AUTOMAKE='${SHELL} /vagrant/vyatta-config-sync/config/missing automake-1.14'
AWK='gawk'
CC='x86_64-linux-gnu-gcc'
CCAS='x86_64-linux-gnu-gcc'
CCASDEPMODE='depmode=none'
CCASFLAGS='-Wall -g -O2'
CCDEPMODE='depmode=none'
CFLAGS='-Wall -g -O2'
CPPFLAGS=''
CXX='x86_64-linux-gnu-g++'
CXXDEPMODE='depmode=none'
CXXFLAGS='-g -O2'
CYGPATH_W='echo'
DEFS='-DPACKAGE_NAME=\"vyatta-config-sync\" -DPACKAGE_TARNAME=\"vyatta-config-sync\" -DPACKAGE_VERSION=\"2.4\" -DPACKAGE_STRING=\"vyatta-config-sync\ 2.4\" -DPACKAGE_BUGREPORT=\"keshavdv@gmail.com\" -DPACKAGE_URL=\"\" -DPACKAGE=\"vyatta-config-sync\" -DVERSION=\"2.4\"'
DEPDIR='.deps'
ECHO_C=''
ECHO_N='-n'
ECHO_T=''
EXEEXT=''
INSTALL_DATA='${INSTALL} -m 644'
INSTALL_PROGRAM='${INSTALL}'
INSTALL_SCRIPT='${INSTALL}'
INSTALL_STRIP_PROGRAM='$(install_sh) -c -s'
LDFLAGS='-Wl,-z,defs'
LIBOBJS=''
LIBS=''
LTLIBOBJS=''
MAKEINFO='${SHELL} /vagrant/vyatta-config-sync/config/missing makeinfo'
MKDIR_P='/bin/mkdir -p'
NOSTRIP=''
OBJEXT='o'
PACKAGE='vyatta-config-sync'
PACKAGE_BUGREPORT='keshavdv@gmail.com'
PACKAGE_NAME='vyatta-config-sync'
PACKAGE_STRING='vyatta-config-sync 2.4'
PACKAGE_TARNAME='vyatta-config-sync'
PACKAGE_URL=''
PACKAGE_VERSION='2.4'
PATH_SEPARATOR=':'
SET_MAKE=''
SHELL='/bin/bash'
STRIP=''
VERSION='2.4'
ac_ct_CC=''
ac_ct_CXX=''
am__EXEEXT_FALSE=''
am__EXEEXT_TRUE='#'
am__fastdepCCAS_FALSE=''
am__fastdepCCAS_TRUE='#'
am__fastdepCC_FALSE=''
am__fastdepCC_TRUE='#'
am__fastdepCXX_FALSE=''
am__fastdepCXX_TRUE='#'
am__include='include'
am__isrc=''
am__leading_dot='.'
am__nodep='_no'
am__quote=''
am__tar='$${TAR-tar} chof - "$$tardir"'
am__untar='$${TAR-tar} xf -'
bindir='${exec_prefix}/bin'
build_alias='x86_64-linux-gnu'
datadir='${datarootdir}'
datarootdir='${prefix}/share'
docdir='${datarootdir}/doc/${PACKAGE_TARNAME}'
dvidir='${docdir}'
exec_prefix='${prefix}'
host_alias='x86_64-linux-gnu'
htmldir='${docdir}'
includedir='${prefix}/include'
infodir='${prefix}/share/info'
install_sh='${SHELL} /vagrant/vyatta-config-sync/config/install-sh'
libdir='${exec_prefix}/lib'
libexecdir='${exec_prefix}/libexec'
localedir='${datarootdir}/locale'
localstatedir='${prefix}/var'
mandir='${prefix}/share/man'
mkdir_p='$(MKDIR_P)'
oldincludedir='/usr/include'
pdfdir='${docdir}'
prefix='/opt/vyatta'
program_transform_name='s,x,x,'
psdir='${docdir}'
sbindir='${exec_prefix}/sbin'
sharedstatedir='${prefix}/com'
sysconfdir='${prefix}/etc'
target_alias=''

## ----------- ##
## confdefs.h. ##
## ----------- ##

/* confdefs.h */
#define PACKAGE_NAME "vyatta-config-sync"
#define PACKAGE_TARNAME "vyatta-config-sync"
#define PACKAGE_VERSION "2.4"
#define PACKAGE_STRING "vyatta-config-sync 2.4"
#define PACKAGE_BUGREPORT "keshavdv@gmail.com"
#define PACKAGE_URL ""
#define PACKAGE "vyatta-config-sync"
#define VERSION "2.4"

configure: exit 0
